<?xml version="1.0" encoding="UTF-8"?>
<!-- Generated by org.testng.reporters.JUnitReportReporter -->
<testsuite skipped="0" hostname="DESKTOP-KRLAL0I" name="com.zoho.ZohoCRM.TC_001" tests="1" failures="0" timestamp="23 Mar 2019 16:26:36 GMT" time="14.812" errors="0">
  <testcase name="loginIn" time="14.812" classname="com.zoho.ZohoCRM.TC_001"/>
</testsuite> <!-- com.zoho.ZohoCRM.TC_001 -->
