<?xml version="1.0" encoding="UTF-8"?>
<!-- Generated by org.testng.reporters.JUnitReportReporter -->
<testsuite skipped="0" hostname="DESKTOP-KRLAL0I" name="com.zoho.ZohoCRM.TC_003" tests="4" failures="0" timestamp="25 Mar 2019 00:00:52 GMT" time="0.035" errors="0">
  <testcase name="f" time="0.001" classname="com.zoho.ZohoCRM.TC_003"/>
  <testcase name="f" time="0.007" classname="com.zoho.ZohoCRM.TC_003"/>
  <testcase name="f" time="0.003" classname="com.zoho.ZohoCRM.TC_003"/>
  <testcase name="f" time="0.024" classname="com.zoho.ZohoCRM.TC_003"/>
</testsuite> <!-- com.zoho.ZohoCRM.TC_003 -->
